{"C:\\Users\\PC\\Desktop\\Vs Code\\proyectos\\Zures proyecto\\Backend\\src\\index.js": {"path":"C:\\Users\\PC\\Desktop\\Vs Code\\proyectos\\Zures proyecto\\Backend\\src\\index.js","statementMap":{"0":{"start":{"line":14,"column":0},"end":{"line":14,"column":16}},"1":{"start":{"line":16,"column":12},"end":{"line":16,"column":21}},"2":{"start":{"line":19,"column":0},"end":{"line":19,"column":18}},"3":{"start":{"line":20,"column":0},"end":{"line":20,"column":98}},"4":{"start":{"line":21,"column":0},"end":{"line":21,"column":24}},"5":{"start":{"line":22,"column":0},"end":{"line":22,"column":24}},"6":{"start":{"line":23,"column":0},"end":{"line":23,"column":23}},"7":{"start":{"line":25,"column":16},"end":{"line":28,"column":2}},"8":{"start":{"line":29,"column":0},"end":{"line":29,"column":26}},"9":{"start":{"line":32,"column":0},"end":{"line":32,"column":24}},"10":{"start":{"line":35,"column":0},"end":{"line":35,"column":22}},"11":{"start":{"line":38,"column":0},"end":{"line":51,"column":1}},"12":{"start":{"line":39,"column":4},"end":{"line":50,"column":11}},"13":{"start":{"line":40,"column":20},"end":{"line":40,"column":33}},"14":{"start":{"line":42,"column":25},"end":{"line":42,"column":49}},"15":{"start":{"line":43,"column":12},"end":{"line":45,"column":15}},"16":{"start":{"line":44,"column":16},"end":{"line":44,"column":66}},"17":{"start":{"line":48,"column":12},"end":{"line":48,"column":64}},"18":{"start":{"line":49,"column":12},"end":{"line":49,"column":28}}},"fnMap":{"0":{"name":"(anonymous_0)","decl":{"start":{"line":40,"column":14},"end":{"line":40,"column":15}},"loc":{"start":{"line":40,"column":20},"end":{"line":40,"column":33}},"line":40},"1":{"name":"(anonymous_1)","decl":{"start":{"line":41,"column":14},"end":{"line":41,"column":15}},"loc":{"start":{"line":41,"column":20},"end":{"line":46,"column":9}},"line":41},"2":{"name":"(anonymous_2)","decl":{"start":{"line":43,"column":29},"end":{"line":43,"column":30}},"loc":{"start":{"line":43,"column":35},"end":{"line":45,"column":13}},"line":43},"3":{"name":"(anonymous_3)","decl":{"start":{"line":47,"column":15},"end":{"line":47,"column":16}},"loc":{"start":{"line":47,"column":24},"end":{"line":50,"column":9}},"line":47}},"branchMap":{"0":{"loc":{"start":{"line":20,"column":23},"end":{"line":20,"column":74}},"type":"binary-expr","locations":[{"start":{"line":20,"column":23},"end":{"line":20,"column":47}},{"start":{"line":20,"column":51},"end":{"line":20,"column":74}}],"line":20},"1":{"loc":{"start":{"line":38,"column":0},"end":{"line":51,"column":1}},"type":"if","locations":[{"start":{"line":38,"column":0},"end":{"line":51,"column":1}},{"start":{},"end":{}}],"line":38},"2":{"loc":{"start":{"line":42,"column":25},"end":{"line":42,"column":49}},"type":"binary-expr","locations":[{"start":{"line":42,"column":25},"end":{"line":42,"column":41}},{"start":{"line":42,"column":45},"end":{"line":42,"column":49}}],"line":42}},"s":{"0":2,"1":2,"2":2,"3":2,"4":2,"5":2,"6":2,"7":2,"8":2,"9":2,"10":2,"11":2,"12":0,"13":0,"14":0,"15":0,"16":0,"17":0,"18":0},"f":{"0":0,"1":0,"2":0,"3":0},"b":{"0":[2,0],"1":[0,2],"2":[0,0]},"inputSourceMap":null,"_coverageSchema":"1a1c01bbd47fc00a2c39e90264f33305004495a9","hash":"03b11415cd94dc81e12c51b1a9349e3272394d3b"}
,"C:\\Users\\PC\\Desktop\\Vs Code\\proyectos\\Zures proyecto\\Backend\\src\\config\\agenda.js": {"path":"C:\\Users\\PC\\Desktop\\Vs Code\\proyectos\\Zures proyecto\\Backend\\src\\config\\agenda.js","statementMap":{"0":{"start":{"line":7,"column":20},"end":{"line":13,"column":1}},"1":{"start":{"line":8,"column":4},"end":{"line":8,"column":59}},"2":{"start":{"line":10,"column":4},"end":{"line":10,"column":25}},"3":{"start":{"line":11,"column":4},"end":{"line":11,"column":49}},"4":{"start":{"line":12,"column":4},"end":{"line":12,"column":18}}},"fnMap":{"0":{"name":"(anonymous_0)","decl":{"start":{"line":7,"column":20},"end":{"line":7,"column":21}},"loc":{"start":{"line":7,"column":32},"end":{"line":13,"column":1}},"line":7}},"branchMap":{},"s":{"0":2,"1":0,"2":0,"3":0,"4":0},"f":{"0":0},"b":{},"inputSourceMap":null,"_coverageSchema":"1a1c01bbd47fc00a2c39e90264f33305004495a9","hash":"c09adb8effd5155a38f1c48bf90c5a161e7c2a65"}
,"C:\\Users\\PC\\Desktop\\Vs Code\\proyectos\\Zures proyecto\\Backend\\src\\config\\db.js": {"path":"C:\\Users\\PC\\Desktop\\Vs Code\\proyectos\\Zures proyecto\\Backend\\src\\config\\db.js","statementMap":{"0":{"start":{"line":4,"column":18},"end":{"line":22,"column":1}},"1":{"start":{"line":5,"column":4},"end":{"line":21,"column":5}},"2":{"start":{"line":6,"column":21},"end":{"line":6,"column":66}},"3":{"start":{"line":8,"column":8},"end":{"line":8,"column":90}},"4":{"start":{"line":11,"column":8},"end":{"line":13,"column":11}},"5":{"start":{"line":12,"column":12},"end":{"line":12,"column":48}},"6":{"start":{"line":15,"column":8},"end":{"line":17,"column":11}},"7":{"start":{"line":16,"column":12},"end":{"line":16,"column":70}},"8":{"start":{"line":19,"column":8},"end":{"line":19,"column":70}},"9":{"start":{"line":20,"column":8},"end":{"line":20,"column":24}}},"fnMap":{"0":{"name":"(anonymous_0)","decl":{"start":{"line":4,"column":18},"end":{"line":4,"column":19}},"loc":{"start":{"line":4,"column":30},"end":{"line":22,"column":1}},"line":4},"1":{"name":"(anonymous_1)","decl":{"start":{"line":11,"column":47},"end":{"line":11,"column":48}},"loc":{"start":{"line":11,"column":53},"end":{"line":13,"column":9}},"line":11},"2":{"name":"(anonymous_2)","decl":{"start":{"line":15,"column":40},"end":{"line":15,"column":41}},"loc":{"start":{"line":15,"column":49},"end":{"line":17,"column":9}},"line":15}},"branchMap":{},"s":{"0":2,"1":0,"2":0,"3":0,"4":0,"5":0,"6":0,"7":0,"8":0,"9":0},"f":{"0":0,"1":0,"2":0},"b":{},"inputSourceMap":null,"_coverageSchema":"1a1c01bbd47fc00a2c39e90264f33305004495a9","hash":"319f17c0add557f40bfb6767218a1fb84c93bab2"}
,"C:\\Users\\PC\\Desktop\\Vs Code\\proyectos\\Zures proyecto\\Backend\\src\\controllers\\authController.js": {"path":"C:\\Users\\PC\\Desktop\\Vs Code\\proyectos\\Zures proyecto\\Backend\\src\\controllers\\authController.js","statementMap":{"0":{"start":{"line":8,"column":20},"end":{"line":14,"column":1}},"1":{"start":{"line":9,"column":4},"end":{"line":13,"column":6}},"2":{"start":{"line":17,"column":17},"end":{"line":61,"column":1}},"3":{"start":{"line":18,"column":38},"end":{"line":18,"column":46}},"4":{"start":{"line":20,"column":4},"end":{"line":60,"column":5}},"5":{"start":{"line":21,"column":29},"end":{"line":21,"column":58}},"6":{"start":{"line":22,"column":8},"end":{"line":24,"column":9}},"7":{"start":{"line":23,"column":12},"end":{"line":23,"column":101}},"8":{"start":{"line":26,"column":34},"end":{"line":26,"column":40}},"9":{"start":{"line":28,"column":21},"end":{"line":34,"column":10}},"10":{"start":{"line":36,"column":8},"end":{"line":36,"column":26}},"11":{"start":{"line":38,"column":32},"end":{"line":38,"column":101}},"12":{"start":{"line":51,"column":8},"end":{"line":51,"column":77}},"13":{"start":{"line":53,"column":8},"end":{"line":56,"column":11}},"14":{"start":{"line":58,"column":8},"end":{"line":58,"column":49}},"15":{"start":{"line":59,"column":8},"end":{"line":59,"column":88}},"16":{"start":{"line":64,"column":20},"end":{"line":97,"column":1}},"17":{"start":{"line":65,"column":22},"end":{"line":65,"column":31}},"18":{"start":{"line":67,"column":4},"end":{"line":96,"column":5}},"19":{"start":{"line":68,"column":21},"end":{"line":70,"column":10}},"20":{"start":{"line":72,"column":8},"end":{"line":74,"column":9}},"21":{"start":{"line":73,"column":12},"end":{"line":73,"column":98}},"22":{"start":{"line":77,"column":36},"end":{"line":77,"column":86}},"23":{"start":{"line":79,"column":8},"end":{"line":79,"column":34}},"24":{"start":{"line":80,"column":8},"end":{"line":80,"column":48}},"25":{"start":{"line":83,"column":8},"end":{"line":86,"column":9}},"26":{"start":{"line":84,"column":12},"end":{"line":84,"column":37}},"27":{"start":{"line":85,"column":12},"end":{"line":85,"column":113}},"28":{"start":{"line":88,"column":8},"end":{"line":88,"column":26}},"29":{"start":{"line":90,"column":8},"end":{"line":90,"column":84}},"30":{"start":{"line":92,"column":8},"end":{"line":92,"column":90}},"31":{"start":{"line":94,"column":8},"end":{"line":94,"column":62}},"32":{"start":{"line":95,"column":8},"end":{"line":95,"column":86}},"33":{"start":{"line":100,"column":14},"end":{"line":149,"column":1}},"34":{"start":{"line":101,"column":52},"end":{"line":101,"column":60}},"35":{"start":{"line":103,"column":4},"end":{"line":148,"column":5}},"36":{"start":{"line":104,"column":21},"end":{"line":104,"column":50}},"37":{"start":{"line":105,"column":8},"end":{"line":107,"column":9}},"38":{"start":{"line":106,"column":12},"end":{"line":106,"column":117}},"39":{"start":{"line":109,"column":24},"end":{"line":109,"column":60}},"40":{"start":{"line":110,"column":8},"end":{"line":112,"column":9}},"41":{"start":{"line":111,"column":12},"end":{"line":111,"column":95}},"42":{"start":{"line":114,"column":8},"end":{"line":116,"column":9}},"43":{"start":{"line":115,"column":12},"end":{"line":115,"column":91}},"44":{"start":{"line":118,"column":22},"end":{"line":118,"column":54}},"45":{"start":{"line":120,"column":30},"end":{"line":125,"column":9}},"46":{"start":{"line":127,"column":8},"end":{"line":127,"column":48}},"47":{"start":{"line":129,"column":8},"end":{"line":129,"column":67}},"48":{"start":{"line":131,"column":8},"end":{"line":144,"column":11}},"49":{"start":{"line":146,"column":8},"end":{"line":146,"column":46}},"50":{"start":{"line":147,"column":8},"end":{"line":147,"column":85}},"51":{"start":{"line":152,"column":15},"end":{"line":159,"column":1}},"52":{"start":{"line":153,"column":4},"end":{"line":157,"column":7}},"53":{"start":{"line":158,"column":4},"end":{"line":158,"column":59}},"54":{"start":{"line":162,"column":23},"end":{"line":205,"column":1}},"55":{"start":{"line":163,"column":22},"end":{"line":163,"column":30}},"56":{"start":{"line":165,"column":4},"end":{"line":204,"column":5}},"57":{"start":{"line":166,"column":21},"end":{"line":166,"column":50}},"58":{"start":{"line":167,"column":8},"end":{"line":173,"column":9}},"59":{"start":{"line":169,"column":12},"end":{"line":172,"column":15}},"60":{"start":{"line":175,"column":27},"end":{"line":175,"column":33}},"61":{"start":{"line":176,"column":8},"end":{"line":176,"column":45}},"62":{"start":{"line":177,"column":8},"end":{"line":177,"column":57}},"63":{"start":{"line":179,"column":8},"end":{"line":179,"column":26}},"64":{"start":{"line":181,"column":25},"end":{"line":181,"column":89}},"65":{"start":{"line":195,"column":8},"end":{"line":195,"column":76}},"66":{"start":{"line":197,"column":8},"end":{"line":200,"column":11}},"67":{"start":{"line":202,"column":8},"end":{"line":202,"column":56}},"68":{"start":{"line":203,"column":8},"end":{"line":203,"column":92}},"69":{"start":{"line":208,"column":22},"end":{"line":241,"column":1}},"70":{"start":{"line":209,"column":22},"end":{"line":209,"column":32}},"71":{"start":{"line":210,"column":25},"end":{"line":210,"column":33}},"72":{"start":{"line":212,"column":4},"end":{"line":240,"column":5}},"73":{"start":{"line":213,"column":21},"end":{"line":216,"column":10}},"74":{"start":{"line":218,"column":8},"end":{"line":223,"column":9}},"75":{"start":{"line":219,"column":12},"end":{"line":222,"column":15}},"76":{"start":{"line":225,"column":8},"end":{"line":225,"column":33}},"77":{"start":{"line":226,"column":8},"end":{"line":226,"column":44}},"78":{"start":{"line":227,"column":8},"end":{"line":227,"column":46}},"79":{"start":{"line":229,"column":8},"end":{"line":229,"column":26}},"80":{"start":{"line":231,"column":8},"end":{"line":231,"column":67}},"81":{"start":{"line":233,"column":8},"end":{"line":236,"column":11}},"82":{"start":{"line":238,"column":8},"end":{"line":238,"column":55}},"83":{"start":{"line":239,"column":8},"end":{"line":239,"column":93}}},"fnMap":{"0":{"name":"(anonymous_0)","decl":{"start":{"line":8,"column":20},"end":{"line":8,"column":21}},"loc":{"start":{"line":8,"column":38},"end":{"line":14,"column":1}},"line":8},"1":{"name":"(anonymous_1)","decl":{"start":{"line":17,"column":17},"end":{"line":17,"column":18}},"loc":{"start":{"line":17,"column":37},"end":{"line":61,"column":1}},"line":17},"2":{"name":"(anonymous_2)","decl":{"start":{"line":64,"column":20},"end":{"line":64,"column":21}},"loc":{"start":{"line":64,"column":40},"end":{"line":97,"column":1}},"line":64},"3":{"name":"(anonymous_3)","decl":{"start":{"line":100,"column":14},"end":{"line":100,"column":15}},"loc":{"start":{"line":100,"column":34},"end":{"line":149,"column":1}},"line":100},"4":{"name":"(anonymous_4)","decl":{"start":{"line":152,"column":15},"end":{"line":152,"column":16}},"loc":{"start":{"line":152,"column":29},"end":{"line":159,"column":1}},"line":152},"5":{"name":"(anonymous_5)","decl":{"start":{"line":162,"column":23},"end":{"line":162,"column":24}},"loc":{"start":{"line":162,"column":43},"end":{"line":205,"column":1}},"line":162},"6":{"name":"(anonymous_6)","decl":{"start":{"line":208,"column":22},"end":{"line":208,"column":23}},"loc":{"start":{"line":208,"column":42},"end":{"line":241,"column":1}},"line":208}},"branchMap":{"0":{"loc":{"start":{"line":22,"column":8},"end":{"line":24,"column":9}},"type":"if","locations":[{"start":{"line":22,"column":8},"end":{"line":24,"column":9}},{"start":{},"end":{}}],"line":22},"1":{"loc":{"start":{"line":72,"column":8},"end":{"line":74,"column":9}},"type":"if","locations":[{"start":{"line":72,"column":8},"end":{"line":74,"column":9}},{"start":{},"end":{}}],"line":72},"2":{"loc":{"start":{"line":83,"column":8},"end":{"line":86,"column":9}},"type":"if","locations":[{"start":{"line":83,"column":8},"end":{"line":86,"column":9}},{"start":{},"end":{}}],"line":83},"3":{"loc":{"start":{"line":101,"column":29},"end":{"line":101,"column":47}},"type":"default-arg","locations":[{"start":{"line":101,"column":42},"end":{"line":101,"column":47}}],"line":101},"4":{"loc":{"start":{"line":105,"column":8},"end":{"line":107,"column":9}},"type":"if","locations":[{"start":{"line":105,"column":8},"end":{"line":107,"column":9}},{"start":{},"end":{}}],"line":105},"5":{"loc":{"start":{"line":105,"column":12},"end":{"line":105,"column":40}},"type":"binary-expr","locations":[{"start":{"line":105,"column":12},"end":{"line":105,"column":17}},{"start":{"line":105,"column":21},"end":{"line":105,"column":40}}],"line":105},"6":{"loc":{"start":{"line":110,"column":8},"end":{"line":112,"column":9}},"type":"if","locations":[{"start":{"line":110,"column":8},"end":{"line":112,"column":9}},{"start":{},"end":{}}],"line":110},"7":{"loc":{"start":{"line":114,"column":8},"end":{"line":116,"column":9}},"type":"if","locations":[{"start":{"line":114,"column":8},"end":{"line":116,"column":9}},{"start":{},"end":{}}],"line":114},"8":{"loc":{"start":{"line":123,"column":22},"end":{"line":123,"column":76}},"type":"cond-expr","locations":[{"start":{"line":123,"column":62},"end":{"line":123,"column":68}},{"start":{"line":123,"column":71},"end":{"line":123,"column":76}}],"line":123},"9":{"loc":{"start":{"line":124,"column":20},"end":{"line":124,"column":64}},"type":"cond-expr","locations":[{"start":{"line":124,"column":33},"end":{"line":124,"column":57}},{"start":{"line":124,"column":60},"end":{"line":124,"column":64}}],"line":124},"10":{"loc":{"start":{"line":156,"column":18},"end":{"line":156,"column":72}},"type":"cond-expr","locations":[{"start":{"line":156,"column":58},"end":{"line":156,"column":64}},{"start":{"line":156,"column":67},"end":{"line":156,"column":72}}],"line":156},"11":{"loc":{"start":{"line":167,"column":8},"end":{"line":173,"column":9}},"type":"if","locations":[{"start":{"line":167,"column":8},"end":{"line":173,"column":9}},{"start":{},"end":{}}],"line":167},"12":{"loc":{"start":{"line":218,"column":8},"end":{"line":223,"column":9}},"type":"if","locations":[{"start":{"line":218,"column":8},"end":{"line":223,"column":9}},{"start":{},"end":{}}],"line":218}},"s":{"0":2,"1":1,"2":2,"3":8,"4":8,"5":8,"6":8,"7":1,"8":7,"9":7,"10":7,"11":7,"12":7,"13":7,"14":0,"15":0,"16":2,"17":4,"18":4,"19":4,"20":4,"21":0,"22":4,"23":4,"24":4,"25":4,"26":3,"27":3,"28":4,"29":4,"30":4,"31":0,"32":0,"33":2,"34":1,"35":1,"36":1,"37":1,"38":0,"39":1,"40":1,"41":0,"42":1,"43":0,"44":1,"45":1,"46":1,"47":1,"48":1,"49":0,"50":0,"51":2,"52":0,"53":0,"54":2,"55":0,"56":0,"57":0,"58":0,"59":0,"60":0,"61":0,"62":0,"63":0,"64":0,"65":0,"66":0,"67":0,"68":0,"69":2,"70":0,"71":0,"72":0,"73":0,"74":0,"75":0,"76":0,"77":0,"78":0,"79":0,"80":0,"81":0,"82":0,"83":0},"f":{"0":1,"1":8,"2":4,"3":1,"4":0,"5":0,"6":0},"b":{"0":[1,7],"1":[0,4],"2":[3,1],"3":[0],"4":[0,1],"5":[1,1],"6":[0,1],"7":[0,1],"8":[0,1],"9":[1,0],"10":[0,0],"11":[0,0],"12":[0,0]},"inputSourceMap":null,"_coverageSchema":"1a1c01bbd47fc00a2c39e90264f33305004495a9","hash":"67317910e91b9aa11fdabc42f4eedd349a2188dd"}
,"C:\\Users\\PC\\Desktop\\Vs Code\\proyectos\\Zures proyecto\\Backend\\src\\controllers\\userController.js": {"path":"C:\\Users\\PC\\Desktop\\Vs Code\\proyectos\\Zures proyecto\\Backend\\src\\controllers\\userController.js","statementMap":{"0":{"start":{"line":5,"column":20},"end":{"line":55,"column":1}},"1":{"start":{"line":6,"column":4},"end":{"line":54,"column":5}},"2":{"start":{"line":7,"column":28},"end":{"line":7,"column":36}},"3":{"start":{"line":9,"column":20},"end":{"line":9,"column":22}},"4":{"start":{"line":12,"column":8},"end":{"line":26,"column":9}},"5":{"start":{"line":13,"column":12},"end":{"line":13,"column":23}},"6":{"start":{"line":14,"column":15},"end":{"line":26,"column":9}},"7":{"start":{"line":15,"column":12},"end":{"line":20,"column":14}},"8":{"start":{"line":22,"column":12},"end":{"line":25,"column":15}},"9":{"start":{"line":28,"column":22},"end":{"line":31,"column":19}},"10":{"start":{"line":33,"column":33},"end":{"line":44,"column":11}},"11":{"start":{"line":33,"column":54},"end":{"line":44,"column":9}},"12":{"start":{"line":46,"column":8},"end":{"line":50,"column":11}},"13":{"start":{"line":52,"column":8},"end":{"line":52,"column":57}},"14":{"start":{"line":53,"column":8},"end":{"line":53,"column":87}},"15":{"start":{"line":57,"column":23},"end":{"line":127,"column":1}},"16":{"start":{"line":58,"column":23},"end":{"line":58,"column":33}},"17":{"start":{"line":59,"column":21},"end":{"line":59,"column":29}},"18":{"start":{"line":60,"column":24},"end":{"line":60,"column":32}},"19":{"start":{"line":62,"column":4},"end":{"line":126,"column":5}},"20":{"start":{"line":63,"column":8},"end":{"line":68,"column":9}},"21":{"start":{"line":64,"column":12},"end":{"line":67,"column":15}},"22":{"start":{"line":70,"column":27},"end":{"line":70,"column":54}},"23":{"start":{"line":71,"column":8},"end":{"line":76,"column":9}},"24":{"start":{"line":72,"column":12},"end":{"line":75,"column":15}},"25":{"start":{"line":79,"column":8},"end":{"line":104,"column":9}},"26":{"start":{"line":80,"column":12},"end":{"line":85,"column":13}},"27":{"start":{"line":81,"column":16},"end":{"line":84,"column":19}},"28":{"start":{"line":87,"column":34},"end":{"line":87,"column":97}},"29":{"start":{"line":88,"column":35},"end":{"line":88,"column":83}},"30":{"start":{"line":90,"column":12},"end":{"line":95,"column":13}},"31":{"start":{"line":91,"column":16},"end":{"line":94,"column":19}},"32":{"start":{"line":98,"column":12},"end":{"line":103,"column":13}},"33":{"start":{"line":99,"column":16},"end":{"line":102,"column":19}},"34":{"start":{"line":106,"column":8},"end":{"line":106,"column":31}},"35":{"start":{"line":107,"column":8},"end":{"line":107,"column":32}},"36":{"start":{"line":109,"column":8},"end":{"line":109,"column":92}},"37":{"start":{"line":111,"column":8},"end":{"line":122,"column":11}},"38":{"start":{"line":124,"column":8},"end":{"line":124,"column":55}},"39":{"start":{"line":125,"column":8},"end":{"line":125,"column":85}}},"fnMap":{"0":{"name":"(anonymous_0)","decl":{"start":{"line":5,"column":20},"end":{"line":5,"column":21}},"loc":{"start":{"line":5,"column":40},"end":{"line":55,"column":1}},"line":5},"1":{"name":"(anonymous_1)","decl":{"start":{"line":33,"column":43},"end":{"line":33,"column":44}},"loc":{"start":{"line":33,"column":54},"end":{"line":44,"column":9}},"line":33},"2":{"name":"(anonymous_2)","decl":{"start":{"line":57,"column":23},"end":{"line":57,"column":24}},"loc":{"start":{"line":57,"column":43},"end":{"line":127,"column":1}},"line":57}},"branchMap":{"0":{"loc":{"start":{"line":12,"column":8},"end":{"line":26,"column":9}},"type":"if","locations":[{"start":{"line":12,"column":8},"end":{"line":26,"column":9}},{"start":{"line":14,"column":15},"end":{"line":26,"column":9}}],"line":12},"1":{"loc":{"start":{"line":14,"column":15},"end":{"line":26,"column":9}},"type":"if","locations":[{"start":{"line":14,"column":15},"end":{"line":26,"column":9}},{"start":{"line":21,"column":15},"end":{"line":26,"column":9}}],"line":14},"2":{"loc":{"start":{"line":38,"column":25},"end":{"line":38,"column":61}},"type":"binary-expr","locations":[{"start":{"line":38,"column":25},"end":{"line":38,"column":48}},{"start":{"line":38,"column":52},"end":{"line":38,"column":61}}],"line":38},"3":{"loc":{"start":{"line":39,"column":24},"end":{"line":39,"column":47}},"type":"binary-expr","locations":[{"start":{"line":39,"column":24},"end":{"line":39,"column":39}},{"start":{"line":39,"column":43},"end":{"line":39,"column":47}}],"line":39},"4":{"loc":{"start":{"line":43,"column":20},"end":{"line":43,"column":37}},"type":"binary-expr","locations":[{"start":{"line":43,"column":20},"end":{"line":43,"column":31}},{"start":{"line":43,"column":35},"end":{"line":43,"column":37}}],"line":43},"5":{"loc":{"start":{"line":63,"column":8},"end":{"line":68,"column":9}},"type":"if","locations":[{"start":{"line":63,"column":8},"end":{"line":68,"column":9}},{"start":{},"end":{}}],"line":63},"6":{"loc":{"start":{"line":71,"column":8},"end":{"line":76,"column":9}},"type":"if","locations":[{"start":{"line":71,"column":8},"end":{"line":76,"column":9}},{"start":{},"end":{}}],"line":71},"7":{"loc":{"start":{"line":79,"column":8},"end":{"line":104,"column":9}},"type":"if","locations":[{"start":{"line":79,"column":8},"end":{"line":104,"column":9}},{"start":{},"end":{}}],"line":79},"8":{"loc":{"start":{"line":80,"column":12},"end":{"line":85,"column":13}},"type":"if","locations":[{"start":{"line":80,"column":12},"end":{"line":85,"column":13}},{"start":{},"end":{}}],"line":80},"9":{"loc":{"start":{"line":90,"column":12},"end":{"line":95,"column":13}},"type":"if","locations":[{"start":{"line":90,"column":12},"end":{"line":95,"column":13}},{"start":{},"end":{}}],"line":90},"10":{"loc":{"start":{"line":90,"column":16},"end":{"line":90,"column":49}},"type":"binary-expr","locations":[{"start":{"line":90,"column":16},"end":{"line":90,"column":30}},{"start":{"line":90,"column":34},"end":{"line":90,"column":49}}],"line":90},"11":{"loc":{"start":{"line":98,"column":12},"end":{"line":103,"column":13}},"type":"if","locations":[{"start":{"line":98,"column":12},"end":{"line":103,"column":13}},{"start":{},"end":{}}],"line":98},"12":{"loc":{"start":{"line":98,"column":16},"end":{"line":98,"column":69}},"type":"binary-expr","locations":[{"start":{"line":98,"column":16},"end":{"line":98,"column":37}},{"start":{"line":98,"column":41},"end":{"line":98,"column":69}}],"line":98}},"s":{"0":2,"1":3,"2":3,"3":3,"4":3,"5":1,"6":2,"7":1,"8":1,"9":2,"10":2,"11":7,"12":2,"13":0,"14":0,"15":2,"16":4,"17":4,"18":4,"19":4,"20":4,"21":0,"22":4,"23":4,"24":0,"25":4,"26":3,"27":0,"28":3,"29":3,"30":3,"31":1,"32":2,"33":1,"34":2,"35":2,"36":2,"37":2,"38":0,"39":0},"f":{"0":3,"1":7,"2":4},"b":{"0":[1,2],"1":[1,1],"2":[7,0],"3":[7,2],"4":[7,7],"5":[0,4],"6":[0,4],"7":[3,1],"8":[0,3],"9":[1,2],"10":[3,3],"11":[1,1],"12":[2,1]},"inputSourceMap":null,"_coverageSchema":"1a1c01bbd47fc00a2c39e90264f33305004495a9","hash":"f5d2a5a98cd13d7810ba710a6459a52ec3560dc9"}
,"C:\\Users\\PC\\Desktop\\Vs Code\\proyectos\\Zures proyecto\\Backend\\src\\middlewares\\authMiddleware.js": {"path":"C:\\Users\\PC\\Desktop\\Vs Code\\proyectos\\Zures proyecto\\Backend\\src\\middlewares\\authMiddleware.js","statementMap":{"0":{"start":{"line":7,"column":21},"end":{"line":44,"column":1}},"1":{"start":{"line":8,"column":4},"end":{"line":43,"column":5}},"2":{"start":{"line":9,"column":22},"end":{"line":9,"column":37}},"3":{"start":{"line":11,"column":8},"end":{"line":16,"column":9}},"4":{"start":{"line":12,"column":12},"end":{"line":15,"column":15}},"5":{"start":{"line":18,"column":24},"end":{"line":18,"column":65}},"6":{"start":{"line":20,"column":21},"end":{"line":20,"column":72}},"7":{"start":{"line":21,"column":8},"end":{"line":26,"column":9}},"8":{"start":{"line":22,"column":12},"end":{"line":25,"column":15}},"9":{"start":{"line":28,"column":8},"end":{"line":33,"column":9}},"10":{"start":{"line":29,"column":12},"end":{"line":32,"column":15}},"11":{"start":{"line":35,"column":8},"end":{"line":35,"column":24}},"12":{"start":{"line":36,"column":8},"end":{"line":36,"column":15}},"13":{"start":{"line":38,"column":8},"end":{"line":38,"column":58}},"14":{"start":{"line":39,"column":8},"end":{"line":42,"column":11}},"15":{"start":{"line":47,"column":19},"end":{"line":65,"column":1}},"16":{"start":{"line":48,"column":4},"end":{"line":64,"column":6}},"17":{"start":{"line":49,"column":25},"end":{"line":49,"column":38}},"18":{"start":{"line":52,"column":8},"end":{"line":54,"column":9}},"19":{"start":{"line":53,"column":12},"end":{"line":53,"column":26}},"20":{"start":{"line":56,"column":8},"end":{"line":61,"column":9}},"21":{"start":{"line":57,"column":12},"end":{"line":60,"column":15}},"22":{"start":{"line":63,"column":8},"end":{"line":63,"column":15}}},"fnMap":{"0":{"name":"(anonymous_0)","decl":{"start":{"line":7,"column":21},"end":{"line":7,"column":22}},"loc":{"start":{"line":7,"column":47},"end":{"line":44,"column":1}},"line":7},"1":{"name":"(anonymous_1)","decl":{"start":{"line":47,"column":19},"end":{"line":47,"column":20}},"loc":{"start":{"line":47,"column":40},"end":{"line":65,"column":1}},"line":47},"2":{"name":"(anonymous_2)","decl":{"start":{"line":48,"column":11},"end":{"line":48,"column":12}},"loc":{"start":{"line":48,"column":31},"end":{"line":64,"column":5}},"line":48}},"branchMap":{"0":{"loc":{"start":{"line":11,"column":8},"end":{"line":16,"column":9}},"type":"if","locations":[{"start":{"line":11,"column":8},"end":{"line":16,"column":9}},{"start":{},"end":{}}],"line":11},"1":{"loc":{"start":{"line":21,"column":8},"end":{"line":26,"column":9}},"type":"if","locations":[{"start":{"line":21,"column":8},"end":{"line":26,"column":9}},{"start":{},"end":{}}],"line":21},"2":{"loc":{"start":{"line":28,"column":8},"end":{"line":33,"column":9}},"type":"if","locations":[{"start":{"line":28,"column":8},"end":{"line":33,"column":9}},{"start":{},"end":{}}],"line":28},"3":{"loc":{"start":{"line":52,"column":8},"end":{"line":54,"column":9}},"type":"if","locations":[{"start":{"line":52,"column":8},"end":{"line":54,"column":9}},{"start":{},"end":{}}],"line":52},"4":{"loc":{"start":{"line":56,"column":8},"end":{"line":61,"column":9}},"type":"if","locations":[{"start":{"line":56,"column":8},"end":{"line":61,"column":9}},{"start":{},"end":{}}],"line":56}},"s":{"0":2,"1":9,"2":9,"3":9,"4":1,"5":8,"6":8,"7":8,"8":0,"9":8,"10":0,"11":8,"12":8,"13":0,"14":0,"15":2,"16":2,"17":5,"18":5,"19":1,"20":4,"21":1,"22":3},"f":{"0":9,"1":2,"2":5},"b":{"0":[1,8],"1":[0,8],"2":[0,8],"3":[1,4],"4":[1,3]},"inputSourceMap":null,"_coverageSchema":"1a1c01bbd47fc00a2c39e90264f33305004495a9","hash":"4f951700df76c2e744f5fdcf420aa7e365b62000"}
,"C:\\Users\\PC\\Desktop\\Vs Code\\proyectos\\Zures proyecto\\Backend\\src\\middlewares\\errorHandler.js": {"path":"C:\\Users\\PC\\Desktop\\Vs Code\\proyectos\\Zures proyecto\\Backend\\src\\middlewares\\errorHandler.js","statementMap":{"0":{"start":{"line":4,"column":4},"end":{"line":4,"column":100}},"1":{"start":{"line":6,"column":23},"end":{"line":6,"column":44}},"2":{"start":{"line":7,"column":4},"end":{"line":9,"column":7}}},"fnMap":{"0":{"name":"(anonymous_0)","decl":{"start":{"line":3,"column":15},"end":{"line":3,"column":16}},"loc":{"start":{"line":3,"column":40},"end":{"line":10,"column":1}},"line":3}},"branchMap":{"0":{"loc":{"start":{"line":6,"column":23},"end":{"line":6,"column":44}},"type":"binary-expr","locations":[{"start":{"line":6,"column":23},"end":{"line":6,"column":37}},{"start":{"line":6,"column":41},"end":{"line":6,"column":44}}],"line":6},"1":{"loc":{"start":{"line":8,"column":17},"end":{"line":8,"column":80}},"type":"cond-expr","locations":[{"start":{"line":8,"column":38},"end":{"line":8,"column":66}},{"start":{"line":8,"column":69},"end":{"line":8,"column":80}}],"line":8}},"s":{"0":0,"1":0,"2":0},"f":{"0":0},"b":{"0":[0,0],"1":[0,0]},"inputSourceMap":null,"_coverageSchema":"1a1c01bbd47fc00a2c39e90264f33305004495a9","hash":"bab38afb0468fa5fc1c496541f19b11c98c80a62"}
,"C:\\Users\\PC\\Desktop\\Vs Code\\proyectos\\Zures proyecto\\Backend\\src\\middlewares\\validateMiddleware.js": {"path":"C:\\Users\\PC\\Desktop\\Vs Code\\proyectos\\Zures proyecto\\Backend\\src\\middlewares\\validateMiddleware.js","statementMap":{"0":{"start":{"line":1,"column":17},"end":{"line":16,"column":1}},"1":{"start":{"line":2,"column":4},"end":{"line":15,"column":6}},"2":{"start":{"line":3,"column":26},"end":{"line":3,"column":74}},"3":{"start":{"line":5,"column":8},"end":{"line":12,"column":9}},"4":{"start":{"line":6,"column":27},"end":{"line":6,"column":72}},"5":{"start":{"line":6,"column":57},"end":{"line":6,"column":71}},"6":{"start":{"line":7,"column":12},"end":{"line":11,"column":15}},"7":{"start":{"line":14,"column":8},"end":{"line":14,"column":15}}},"fnMap":{"0":{"name":"(anonymous_0)","decl":{"start":{"line":1,"column":17},"end":{"line":1,"column":18}},"loc":{"start":{"line":1,"column":29},"end":{"line":16,"column":1}},"line":1},"1":{"name":"(anonymous_1)","decl":{"start":{"line":2,"column":11},"end":{"line":2,"column":12}},"loc":{"start":{"line":2,"column":31},"end":{"line":15,"column":5}},"line":2},"2":{"name":"(anonymous_2)","decl":{"start":{"line":6,"column":45},"end":{"line":6,"column":46}},"loc":{"start":{"line":6,"column":57},"end":{"line":6,"column":71}},"line":6}},"branchMap":{"0":{"loc":{"start":{"line":5,"column":8},"end":{"line":12,"column":9}},"type":"if","locations":[{"start":{"line":5,"column":8},"end":{"line":12,"column":9}},{"start":{},"end":{}}],"line":5}},"s":{"0":2,"1":8,"2":9,"3":9,"4":0,"5":0,"6":0,"7":9},"f":{"0":8,"1":9,"2":0},"b":{"0":[0,9]},"inputSourceMap":null,"_coverageSchema":"1a1c01bbd47fc00a2c39e90264f33305004495a9","hash":"703521b5089d07a0d537e424713a196fc27211ab"}
,"C:\\Users\\PC\\Desktop\\Vs Code\\proyectos\\Zures proyecto\\Backend\\src\\models\\User.js": {"path":"C:\\Users\\PC\\Desktop\\Vs Code\\proyectos\\Zures proyecto\\Backend\\src\\models\\User.js","statementMap":{"0":{"start":{"line":6,"column":19},"end":{"line":60,"column":24}},"1":{"start":{"line":63,"column":0},"end":{"line":73,"column":3}},"2":{"start":{"line":64,"column":4},"end":{"line":64,"column":45}},"3":{"start":{"line":64,"column":38},"end":{"line":64,"column":45}},"4":{"start":{"line":66,"column":4},"end":{"line":72,"column":5}},"5":{"start":{"line":67,"column":21},"end":{"line":67,"column":45}},"6":{"start":{"line":68,"column":8},"end":{"line":68,"column":63}},"7":{"start":{"line":70,"column":8},"end":{"line":70,"column":59}},"8":{"start":{"line":71,"column":8},"end":{"line":71,"column":20}},"9":{"start":{"line":76,"column":0},"end":{"line":78,"column":2}},"10":{"start":{"line":77,"column":4},"end":{"line":77,"column":66}},"11":{"start":{"line":81,"column":0},"end":{"line":81,"column":30}},"12":{"start":{"line":82,"column":0},"end":{"line":82,"column":35}},"13":{"start":{"line":83,"column":0},"end":{"line":83,"column":39}},"14":{"start":{"line":85,"column":13},"end":{"line":85,"column":47}}},"fnMap":{"0":{"name":"(anonymous_0)","decl":{"start":{"line":63,"column":23},"end":{"line":63,"column":24}},"loc":{"start":{"line":63,"column":41},"end":{"line":73,"column":1}},"line":63},"1":{"name":"(anonymous_1)","decl":{"start":{"line":76,"column":37},"end":{"line":76,"column":38}},"loc":{"start":{"line":76,"column":72},"end":{"line":78,"column":1}},"line":76}},"branchMap":{"0":{"loc":{"start":{"line":64,"column":4},"end":{"line":64,"column":45}},"type":"if","locations":[{"start":{"line":64,"column":4},"end":{"line":64,"column":45}},{"start":{},"end":{}}],"line":64}},"s":{"0":2,"1":2,"2":59,"3":7,"4":52,"5":52,"6":52,"7":0,"8":0,"9":2,"10":1,"11":2,"12":2,"13":2,"14":2},"f":{"0":59,"1":1},"b":{"0":[7,52]},"inputSourceMap":null,"_coverageSchema":"1a1c01bbd47fc00a2c39e90264f33305004495a9","hash":"1cd36e9257eec6af79f47e52489ca14bc4432966"}
,"C:\\Users\\PC\\Desktop\\Vs Code\\proyectos\\Zures proyecto\\Backend\\src\\routes\\authRoutes.js": {"path":"C:\\Users\\PC\\Desktop\\Vs Code\\proyectos\\Zures proyecto\\Backend\\src\\routes\\authRoutes.js","statementMap":{"0":{"start":{"line":6,"column":15},"end":{"line":6,"column":31}},"1":{"start":{"line":8,"column":0},"end":{"line":8,"column":91}},"2":{"start":{"line":9,"column":0},"end":{"line":9,"column":56}},"3":{"start":{"line":10,"column":0},"end":{"line":10,"column":82}},"4":{"start":{"line":11,"column":0},"end":{"line":11,"column":46}},"5":{"start":{"line":12,"column":0},"end":{"line":12,"column":110}},"6":{"start":{"line":13,"column":0},"end":{"line":13,"column":114}}},"fnMap":{},"branchMap":{},"s":{"0":2,"1":2,"2":2,"3":2,"4":2,"5":2,"6":2},"f":{},"b":{},"inputSourceMap":null,"_coverageSchema":"1a1c01bbd47fc00a2c39e90264f33305004495a9","hash":"cc54e4a56937fa39acb56b1fc5e2aa4d9c43e801"}
,"C:\\Users\\PC\\Desktop\\Vs Code\\proyectos\\Zures proyecto\\Backend\\src\\routes\\index.js": {"path":"C:\\Users\\PC\\Desktop\\Vs Code\\proyectos\\Zures proyecto\\Backend\\src\\routes\\index.js","statementMap":{"0":{"start":{"line":5,"column":15},"end":{"line":5,"column":31}},"1":{"start":{"line":7,"column":0},"end":{"line":9,"column":3}},"2":{"start":{"line":8,"column":4},"end":{"line":8,"column":50}},"3":{"start":{"line":11,"column":0},"end":{"line":11,"column":32}},"4":{"start":{"line":12,"column":0},"end":{"line":12,"column":33}}},"fnMap":{"0":{"name":"(anonymous_0)","decl":{"start":{"line":7,"column":16},"end":{"line":7,"column":17}},"loc":{"start":{"line":7,"column":30},"end":{"line":9,"column":1}},"line":7}},"branchMap":{},"s":{"0":2,"1":2,"2":0,"3":2,"4":2},"f":{"0":0},"b":{},"inputSourceMap":null,"_coverageSchema":"1a1c01bbd47fc00a2c39e90264f33305004495a9","hash":"763540bb9734fc9a6f8d3d53ef5cf6830025e908"}
,"C:\\Users\\PC\\Desktop\\Vs Code\\proyectos\\Zures proyecto\\Backend\\src\\routes\\userRoutes.js": {"path":"C:\\Users\\PC\\Desktop\\Vs Code\\proyectos\\Zures proyecto\\Backend\\src\\routes\\userRoutes.js","statementMap":{"0":{"start":{"line":6,"column":15},"end":{"line":6,"column":31}},"1":{"start":{"line":9,"column":0},"end":{"line":9,"column":73}},"2":{"start":{"line":12,"column":0},"end":{"line":16,"column":2}}},"fnMap":{},"branchMap":{},"s":{"0":2,"1":2,"2":2},"f":{},"b":{},"inputSourceMap":null,"_coverageSchema":"1a1c01bbd47fc00a2c39e90264f33305004495a9","hash":"6178d2efbc5f3248d682015bf9ed77e69ff288eb"}
,"C:\\Users\\PC\\Desktop\\Vs Code\\proyectos\\Zures proyecto\\Backend\\src\\utils\\constants.js": {"path":"C:\\Users\\PC\\Desktop\\Vs Code\\proyectos\\Zures proyecto\\Backend\\src\\utils\\constants.js","statementMap":{"0":{"start":{"line":1,"column":14},"end":{"line":8,"column":1}},"1":{"start":{"line":10,"column":21},"end":{"line":17,"column":1}},"2":{"start":{"line":19,"column":20},"end":{"line":23,"column":1}}},"fnMap":{},"branchMap":{},"s":{"0":2,"1":2,"2":2},"f":{},"b":{},"inputSourceMap":null,"_coverageSchema":"1a1c01bbd47fc00a2c39e90264f33305004495a9","hash":"d69f3e393244d5fb74578a7f5b068996aba7de30"}
,"C:\\Users\\PC\\Desktop\\Vs Code\\proyectos\\Zures proyecto\\Backend\\src\\utils\\logger.js": {"path":"C:\\Users\\PC\\Desktop\\Vs Code\\proyectos\\Zures proyecto\\Backend\\src\\utils\\logger.js","statementMap":{"0":{"start":{"line":3,"column":15},"end":{"line":20,"column":2}},"1":{"start":{"line":15,"column":20},"end":{"line":15,"column":74}}},"fnMap":{"0":{"name":"(anonymous_0)","decl":{"start":{"line":14,"column":38},"end":{"line":14,"column":39}},"loc":{"start":{"line":14,"column":80},"end":{"line":16,"column":17}},"line":14}},"branchMap":{"0":{"loc":{"start":{"line":15,"column":55},"end":{"line":15,"column":71}},"type":"binary-expr","locations":[{"start":{"line":15,"column":55},"end":{"line":15,"column":60}},{"start":{"line":15,"column":64},"end":{"line":15,"column":71}}],"line":15}},"s":{"0":2,"1":21},"f":{"0":21},"b":{"0":[21,21]},"inputSourceMap":null,"_coverageSchema":"1a1c01bbd47fc00a2c39e90264f33305004495a9","hash":"977c5397a68fe0bd9355869aadb83ae6fa224a1c"}
,"C:\\Users\\PC\\Desktop\\Vs Code\\proyectos\\Zures proyecto\\Backend\\src\\utils\\mailer.js": {"path":"C:\\Users\\PC\\Desktop\\Vs Code\\proyectos\\Zures proyecto\\Backend\\src\\utils\\mailer.js","statementMap":{"0":{"start":{"line":5,"column":0},"end":{"line":7,"column":1}},"1":{"start":{"line":6,"column":4},"end":{"line":6,"column":51}},"2":{"start":{"line":9,"column":20},"end":{"line":16,"column":2}},"3":{"start":{"line":18,"column":18},"end":{"line":43,"column":1}},"4":{"start":{"line":20,"column":23},"end":{"line":20,"column":90}},"5":{"start":{"line":20,"column":77},"end":{"line":20,"column":89}},"6":{"start":{"line":22,"column":24},"end":{"line":29,"column":5}},"7":{"start":{"line":31,"column":4},"end":{"line":42,"column":5}},"8":{"start":{"line":32,"column":8},"end":{"line":38,"column":9}},"9":{"start":{"line":33,"column":12},"end":{"line":33,"column":43}},"10":{"start":{"line":34,"column":12},"end":{"line":34,"column":104}},"11":{"start":{"line":36,"column":12},"end":{"line":36,"column":52}},"12":{"start":{"line":37,"column":12},"end":{"line":37,"column":158}},"13":{"start":{"line":40,"column":8},"end":{"line":40,"column":107}},"14":{"start":{"line":41,"column":8},"end":{"line":41,"column":55}}},"fnMap":{"0":{"name":"(anonymous_0)","decl":{"start":{"line":18,"column":18},"end":{"line":18,"column":19}},"loc":{"start":{"line":18,"column":67},"end":{"line":43,"column":1}},"line":18},"1":{"name":"(anonymous_1)","decl":{"start":{"line":20,"column":66},"end":{"line":20,"column":67}},"loc":{"start":{"line":20,"column":77},"end":{"line":20,"column":89}},"line":20}},"branchMap":{"0":{"loc":{"start":{"line":5,"column":0},"end":{"line":7,"column":1}},"type":"if","locations":[{"start":{"line":5,"column":0},"end":{"line":7,"column":1}},{"start":{},"end":{}}],"line":5},"1":{"loc":{"start":{"line":10,"column":10},"end":{"line":10,"column":61}},"type":"binary-expr","locations":[{"start":{"line":10,"column":10},"end":{"line":10,"column":31}},{"start":{"line":10,"column":35},"end":{"line":10,"column":61}}],"line":10},"2":{"loc":{"start":{"line":11,"column":10},"end":{"line":11,"column":47}},"type":"binary-expr","locations":[{"start":{"line":11,"column":10},"end":{"line":11,"column":39}},{"start":{"line":11,"column":43},"end":{"line":11,"column":47}}],"line":11},"3":{"loc":{"start":{"line":13,"column":14},"end":{"line":13,"column":54}},"type":"binary-expr","locations":[{"start":{"line":13,"column":14},"end":{"line":13,"column":35}},{"start":{"line":13,"column":39},"end":{"line":13,"column":54}}],"line":13},"4":{"loc":{"start":{"line":14,"column":14},"end":{"line":14,"column":54}},"type":"binary-expr","locations":[{"start":{"line":14,"column":14},"end":{"line":14,"column":35}},{"start":{"line":14,"column":39},"end":{"line":14,"column":54}}],"line":14},"5":{"loc":{"start":{"line":18,"column":31},"end":{"line":18,"column":39}},"type":"default-arg","locations":[{"start":{"line":18,"column":37},"end":{"line":18,"column":39}}],"line":18},"6":{"loc":{"start":{"line":20,"column":23},"end":{"line":20,"column":90}},"type":"cond-expr","locations":[{"start":{"line":20,"column":43},"end":{"line":20,"column":45}},{"start":{"line":20,"column":48},"end":{"line":20,"column":90}}],"line":20},"7":{"loc":{"start":{"line":23,"column":14},"end":{"line":23,"column":69}},"type":"binary-expr","locations":[{"start":{"line":23,"column":14},"end":{"line":23,"column":36}},{"start":{"line":23,"column":40},"end":{"line":23,"column":69}}],"line":23},"8":{"loc":{"start":{"line":32,"column":8},"end":{"line":38,"column":9}},"type":"if","locations":[{"start":{"line":32,"column":8},"end":{"line":38,"column":9}},{"start":{"line":35,"column":15},"end":{"line":38,"column":9}}],"line":32},"9":{"loc":{"start":{"line":32,"column":12},"end":{"line":32,"column":81}},"type":"binary-expr","locations":[{"start":{"line":32,"column":12},"end":{"line":32,"column":49}},{"start":{"line":32,"column":53},"end":{"line":32,"column":81}}],"line":32},"10":{"loc":{"start":{"line":37,"column":45},"end":{"line":37,"column":104}},"type":"cond-expr","locations":[{"start":{"line":37,"column":85},"end":{"line":37,"column":91}},{"start":{"line":37,"column":94},"end":{"line":37,"column":104}}],"line":37}},"s":{"0":2,"1":0,"2":2,"3":2,"4":0,"5":0,"6":0,"7":0,"8":0,"9":0,"10":0,"11":0,"12":0,"13":0,"14":0},"f":{"0":0,"1":0},"b":{"0":[0,2],"1":[2,2],"2":[2,2],"3":[2,2],"4":[2,2],"5":[0],"6":[0,0],"7":[0,0],"8":[0,0],"9":[0,0],"10":[0,0]},"inputSourceMap":null,"_coverageSchema":"1a1c01bbd47fc00a2c39e90264f33305004495a9","hash":"acfface7c64a742222521e345a85516c835f68b3"}
,"C:\\Users\\PC\\Desktop\\Vs Code\\proyectos\\Zures proyecto\\Backend\\src\\validations\\authValidation.js": {"path":"C:\\Users\\PC\\Desktop\\Vs Code\\proyectos\\Zures proyecto\\Backend\\src\\validations\\authValidation.js","statementMap":{"0":{"start":{"line":3,"column":23},"end":{"line":17,"column":2}},"1":{"start":{"line":19,"column":20},"end":{"line":28,"column":2}},"2":{"start":{"line":30,"column":29},"end":{"line":35,"column":2}},"3":{"start":{"line":37,"column":28},"end":{"line":42,"column":2}}},"fnMap":{},"branchMap":{},"s":{"0":2,"1":2,"2":2,"3":2},"f":{},"b":{},"inputSourceMap":null,"_coverageSchema":"1a1c01bbd47fc00a2c39e90264f33305004495a9","hash":"c20a4c0b8a4044ad167538e90f1ff075de009a83"}
}
