TN:
SF:src\index.js
FN:40,(anonymous_0)
FN:41,(anonymous_1)
FN:43,(anonymous_2)
FN:47,(anonymous_3)
FNF:4
FNH:0
FNDA:0,(anonymous_0)
FNDA:0,(anonymous_1)
FNDA:0,(anonymous_2)
FNDA:0,(anonymous_3)
DA:14,2
DA:16,2
DA:19,2
DA:20,2
DA:21,2
DA:22,2
DA:23,2
DA:25,2
DA:29,2
DA:32,2
DA:35,2
DA:38,2
DA:39,0
DA:40,0
DA:42,0
DA:43,0
DA:44,0
DA:48,0
DA:49,0
LF:19
LH:12
BRDA:20,0,0,2
BRDA:20,0,1,0
BRDA:38,1,0,0
BRDA:38,1,1,2
BRDA:42,2,0,0
BRDA:42,2,1,0
BRF:6
BRH:2
end_of_record
TN:
SF:src\config\agenda.js
FN:7,(anonymous_0)
FNF:1
FNH:0
FNDA:0,(anonymous_0)
DA:7,2
DA:8,0
DA:10,0
DA:11,0
DA:12,0
LF:5
LH:1
BRF:0
BRH:0
end_of_record
TN:
SF:src\config\db.js
FN:4,(anonymous_0)
FN:11,(anonymous_1)
FN:15,(anonymous_2)
FNF:3
FNH:0
FNDA:0,(anonymous_0)
FNDA:0,(anonymous_1)
FNDA:0,(anonymous_2)
DA:4,2
DA:5,0
DA:6,0
DA:8,0
DA:11,0
DA:12,0
DA:15,0
DA:16,0
DA:19,0
DA:20,0
LF:10
LH:1
BRF:0
BRH:0
end_of_record
TN:
SF:src\controllers\authController.js
FN:8,(anonymous_0)
FN:17,(anonymous_1)
FN:64,(anonymous_2)
FN:100,(anonymous_3)
FN:152,(anonymous_4)
FN:162,(anonymous_5)
FN:208,(anonymous_6)
FNF:7
FNH:4
FNDA:1,(anonymous_0)
FNDA:8,(anonymous_1)
FNDA:4,(anonymous_2)
FNDA:1,(anonymous_3)
FNDA:0,(anonymous_4)
FNDA:0,(anonymous_5)
FNDA:0,(anonymous_6)
DA:8,2
DA:9,1
DA:17,2
DA:18,8
DA:20,8
DA:21,8
DA:22,8
DA:23,1
DA:26,7
DA:28,7
DA:36,7
DA:38,7
DA:51,7
DA:53,7
DA:58,0
DA:59,0
DA:64,2
DA:65,4
DA:67,4
DA:68,4
DA:72,4
DA:73,0
DA:77,4
DA:79,4
DA:80,4
DA:83,4
DA:84,3
DA:85,3
DA:88,4
DA:90,4
DA:92,4
DA:94,0
DA:95,0
DA:100,2
DA:101,1
DA:103,1
DA:104,1
DA:105,1
DA:106,0
DA:109,1
DA:110,1
DA:111,0
DA:114,1
DA:115,0
DA:118,1
DA:120,1
DA:127,1
DA:129,1
DA:131,1
DA:146,0
DA:147,0
DA:152,2
DA:153,0
DA:158,0
DA:162,2
DA:163,0
DA:165,0
DA:166,0
DA:167,0
DA:169,0
DA:175,0
DA:176,0
DA:177,0
DA:179,0
DA:181,0
DA:195,0
DA:197,0
DA:202,0
DA:203,0
DA:208,2
DA:209,0
DA:210,0
DA:212,0
DA:213,0
DA:218,0
DA:219,0
DA:225,0
DA:226,0
DA:227,0
DA:229,0
DA:231,0
DA:233,0
DA:238,0
DA:239,0
LF:84
LH:44
BRDA:22,0,0,1
BRDA:22,0,1,7
BRDA:72,1,0,0
BRDA:72,1,1,4
BRDA:83,2,0,3
BRDA:83,2,1,1
BRDA:101,3,0,0
BRDA:105,4,0,0
BRDA:105,4,1,1
BRDA:105,5,0,1
BRDA:105,5,1,1
BRDA:110,6,0,0
BRDA:110,6,1,1
BRDA:114,7,0,0
BRDA:114,7,1,1
BRDA:123,8,0,0
BRDA:123,8,1,1
BRDA:124,9,0,1
BRDA:124,9,1,0
BRDA:156,10,0,0
BRDA:156,10,1,0
BRDA:167,11,0,0
BRDA:167,11,1,0
BRDA:218,12,0,0
BRDA:218,12,1,0
BRF:25
BRH:12
end_of_record
TN:
SF:src\controllers\userController.js
FN:5,(anonymous_0)
FN:33,(anonymous_1)
FN:57,(anonymous_2)
FNF:3
FNH:3
FNDA:3,(anonymous_0)
FNDA:7,(anonymous_1)
FNDA:4,(anonymous_2)
DA:5,2
DA:6,3
DA:7,3
DA:9,3
DA:12,3
DA:13,1
DA:14,2
DA:15,1
DA:22,1
DA:28,2
DA:33,7
DA:46,2
DA:52,0
DA:53,0
DA:57,2
DA:58,4
DA:59,4
DA:60,4
DA:62,4
DA:63,4
DA:64,0
DA:70,4
DA:71,4
DA:72,0
DA:79,4
DA:80,3
DA:81,0
DA:87,3
DA:88,3
DA:90,3
DA:91,1
DA:98,2
DA:99,1
DA:106,2
DA:107,2
DA:109,2
DA:111,2
DA:124,0
DA:125,0
LF:39
LH:32
BRDA:12,0,0,1
BRDA:12,0,1,2
BRDA:14,1,0,1
BRDA:14,1,1,1
BRDA:38,2,0,7
BRDA:38,2,1,0
BRDA:39,3,0,7
BRDA:39,3,1,2
BRDA:43,4,0,7
BRDA:43,4,1,7
BRDA:63,5,0,0
BRDA:63,5,1,4
BRDA:71,6,0,0
BRDA:71,6,1,4
BRDA:79,7,0,3
BRDA:79,7,1,1
BRDA:80,8,0,0
BRDA:80,8,1,3
BRDA:90,9,0,1
BRDA:90,9,1,2
BRDA:90,10,0,3
BRDA:90,10,1,3
BRDA:98,11,0,1
BRDA:98,11,1,1
BRDA:98,12,0,2
BRDA:98,12,1,1
BRF:26
BRH:22
end_of_record
TN:
SF:src\middlewares\authMiddleware.js
FN:7,(anonymous_0)
FN:47,(anonymous_1)
FN:48,(anonymous_2)
FNF:3
FNH:3
FNDA:9,(anonymous_0)
FNDA:2,(anonymous_1)
FNDA:5,(anonymous_2)
DA:7,2
DA:8,9
DA:9,9
DA:11,9
DA:12,1
DA:18,8
DA:20,8
DA:21,8
DA:22,0
DA:28,8
DA:29,0
DA:35,8
DA:36,8
DA:38,0
DA:39,0
DA:47,2
DA:48,2
DA:49,5
DA:52,5
DA:53,1
DA:56,4
DA:57,1
DA:63,3
LF:23
LH:19
BRDA:11,0,0,1
BRDA:11,0,1,8
BRDA:21,1,0,0
BRDA:21,1,1,8
BRDA:28,2,0,0
BRDA:28,2,1,8
BRDA:52,3,0,1
BRDA:52,3,1,4
BRDA:56,4,0,1
BRDA:56,4,1,3
BRF:10
BRH:8
end_of_record
TN:
SF:src\middlewares\errorHandler.js
FN:3,(anonymous_0)
FNF:1
FNH:0
FNDA:0,(anonymous_0)
DA:4,0
DA:6,0
DA:7,0
LF:3
LH:0
BRDA:6,0,0,0
BRDA:6,0,1,0
BRDA:8,1,0,0
BRDA:8,1,1,0
BRF:4
BRH:0
end_of_record
TN:
SF:src\middlewares\validateMiddleware.js
FN:1,(anonymous_0)
FN:2,(anonymous_1)
FN:6,(anonymous_2)
FNF:3
FNH:2
FNDA:8,(anonymous_0)
FNDA:9,(anonymous_1)
FNDA:0,(anonymous_2)
DA:1,2
DA:2,8
DA:3,9
DA:5,9
DA:6,0
DA:7,0
DA:14,9
LF:7
LH:5
BRDA:5,0,0,0
BRDA:5,0,1,9
BRF:2
BRH:1
end_of_record
TN:
SF:src\models\User.js
FN:63,(anonymous_0)
FN:76,(anonymous_1)
FNF:2
FNH:2
FNDA:59,(anonymous_0)
FNDA:1,(anonymous_1)
DA:6,2
DA:63,2
DA:64,59
DA:66,52
DA:67,52
DA:68,52
DA:70,0
DA:71,0
DA:76,2
DA:77,1
DA:81,2
DA:82,2
DA:83,2
DA:85,2
LF:14
LH:12
BRDA:64,0,0,7
BRDA:64,0,1,52
BRF:2
BRH:2
end_of_record
TN:
SF:src\routes\authRoutes.js
FNF:0
FNH:0
DA:6,2
DA:8,2
DA:9,2
DA:10,2
DA:11,2
DA:12,2
DA:13,2
LF:7
LH:7
BRF:0
BRH:0
end_of_record
TN:
SF:src\routes\index.js
FN:7,(anonymous_0)
FNF:1
FNH:0
FNDA:0,(anonymous_0)
DA:5,2
DA:7,2
DA:8,0
DA:11,2
DA:12,2
LF:5
LH:4
BRF:0
BRH:0
end_of_record
TN:
SF:src\routes\userRoutes.js
FNF:0
FNH:0
DA:6,2
DA:9,2
DA:12,2
LF:3
LH:3
BRF:0
BRH:0
end_of_record
TN:
SF:src\utils\constants.js
FNF:0
FNH:0
DA:1,2
DA:10,2
DA:19,2
LF:3
LH:3
BRF:0
BRH:0
end_of_record
TN:
SF:src\utils\logger.js
FN:14,(anonymous_0)
FNF:1
FNH:1
FNDA:21,(anonymous_0)
DA:3,2
DA:15,21
LF:2
LH:2
BRDA:15,0,0,21
BRDA:15,0,1,21
BRF:2
BRH:2
end_of_record
TN:
SF:src\utils\mailer.js
FN:18,(anonymous_0)
FN:20,(anonymous_1)
FNF:2
FNH:0
FNDA:0,(anonymous_0)
FNDA:0,(anonymous_1)
DA:5,2
DA:6,0
DA:9,2
DA:18,2
DA:20,0
DA:22,0
DA:31,0
DA:32,0
DA:33,0
DA:34,0
DA:36,0
DA:37,0
DA:40,0
DA:41,0
LF:14
LH:3
BRDA:5,0,0,0
BRDA:5,0,1,2
BRDA:10,1,0,2
BRDA:10,1,1,2
BRDA:11,2,0,2
BRDA:11,2,1,2
BRDA:13,3,0,2
BRDA:13,3,1,2
BRDA:14,4,0,2
BRDA:14,4,1,2
BRDA:18,5,0,0
BRDA:20,6,0,0
BRDA:20,6,1,0
BRDA:23,7,0,0
BRDA:23,7,1,0
BRDA:32,8,0,0
BRDA:32,8,1,0
BRDA:32,9,0,0
BRDA:32,9,1,0
BRDA:37,10,0,0
BRDA:37,10,1,0
BRF:21
BRH:9
end_of_record
TN:
SF:src\validations\authValidation.js
FNF:0
FNH:0
DA:3,2
DA:19,2
DA:30,2
DA:37,2
LF:4
LH:4
BRF:0
BRH:0
end_of_record
